<?xml version="1.0" encoding="UTF-8"?>
<!-- Generated by org.testng.reporters.JUnitXMLReporter -->
<testsuite hostname="LAPTOP-7N9U184H" ignored="2" name="Test" tests="2" failures="2" timestamp="18 Dec 2020 18:07:56 GMT" time="20.673" errors="0">
  <testcase name="loginTest" time="8.819" classname="com.inetbanking.testCases.LoginTest">
    <failure type="java.lang.AssertionError" message="expected [true] but found [false]">
      <![CDATA[java.lang.AssertionError: expected [true] but found [false]
at com.inetbanking.testCases.LoginTest.loginTest(LoginTest.java:30)
... Removed 29 stack frames]]>
    </failure>
  </testcase> <!-- loginTest -->
  <testcase name="addCustomerTest" time="4.503" classname="com.inetbanking.testCases.AddNewCustomerTest">
    <failure type="java.lang.AssertionError" message="expected [true] but found [false]">
      <![CDATA[java.lang.AssertionError: expected [true] but found [false]
at com.inetbanking.testCases.LoginTest.loginTest(LoginTest.java:30)
at com.inetbanking.testCases.AddNewCustomerTest.addCustomerTest(AddNewCustomerTest.java:12)
... Removed 29 stack frames]]>
    </failure>
  </testcase> <!-- addCustomerTest -->
  <testcase name="@AfterTest tearDown" time="0.0" classname="com.inetbanking.testCases.BaseClass">
    <ignored/>
  </testcase> <!-- @AfterTest tearDown -->
  <testcase name="@BeforeTest setup" time="0.0" classname="com.inetbanking.testCases.BaseClass">
    <ignored/>
  </testcase> <!-- @BeforeTest setup -->
</testsuite> <!-- Test -->
